<?xml version="1.0" encoding="UTF-8"?>
<testng-results ignored="0" total="1" passed="1" failed="0" skipped="0">
  <reporter-output>
  </reporter-output>
  <suite started-at="2021-09-13T16:36:16 IST" name="Default suite" finished-at="2021-09-13T16:36:19 IST" duration-ms="3212">
    <groups>
    </groups>
    <test started-at="2021-09-13T16:36:16 IST" name="Default test" finished-at="2021-09-13T16:36:19 IST" duration-ms="3212">
      <class name="RestAssuredGet">
        <test-method signature="restAssuredGet()[pri:0, instance:RestAssuredGet@79da8dc5]" started-at="2021-09-13T16:36:16 IST" name="restAssuredGet" finished-at="2021-09-13T16:36:19 IST" duration-ms="3159" status="PASS">
          <reporter-output>
          </reporter-output>
        </test-method> <!-- restAssuredGet -->
      </class> <!-- RestAssuredGet -->
    </test> <!-- Default test -->
  </suite> <!-- Default suite -->
</testng-results>
